20:39:37.001 [main                     ] DEBUG Logger               - Configured Logger
20:39:37.043 [main                     ] DEBUG GameApplication      - Logging settings
Title: Player Remix
Version: 0.1 - SNAPSHOT
Width: 1280
Height: 720
Fullscreen: false
Intro: false
Profiling: false
Single step:false
App Mode: DEVELOPER
Menu Key: ESCAPE
Stage Style: DECORATED
Scene Factory: class com.demo.mainapp.crossyroaddemo.HelloApplication$1

20:39:37.617 [JavaFX Application Thread] DEBUG FXGLApplication      - Initializing FXGL
20:39:37.624 [JavaFX Application Thread] INFO  Engine               - FXGL-17.3 (30.03.2023 11.49) on WINDOWS (J:17.0.10 FX:17.0.6)
20:39:37.624 [JavaFX Application Thread] DEBUG Engine               - JRE Vendor Name: Oracle Corporation
20:39:37.625 [JavaFX Application Thread] DEBUG Engine               - Running on OS: Windows 11 version 10.0
20:39:37.625 [JavaFX Application Thread] DEBUG Engine               - Architecture: amd64
20:39:37.625 [JavaFX Application Thread] INFO  Engine               - Source code and latest versions at: https://github.com/AlmasB/FXGL
20:39:37.625 [JavaFX Application Thread] INFO  Engine               -       Ask questions and discuss at: https://github.com/AlmasB/FXGL/discussions
20:39:37.625 [JavaFX Application Thread] INFO  Engine               -              Join the FXGL chat at: https://gitter.im/AlmasB/FXGL
20:39:37.752 [JavaFX Application Thread] DEBUG PrimaryStageWindow   - Creating a JavaFX scene
20:39:37.802 [JavaFX Application Thread] DEBUG PrimaryStageWindow   - Target settings size: 1280.0 x 720.0
20:39:37.802 [JavaFX Application Thread] DEBUG PrimaryStageWindow   - Scaled scene size:    1280.0 x 720.0
20:39:37.803 [JavaFX Application Thread] DEBUG PrimaryStageWindow   - Scaled ratio: (1.0, 1.0)
20:39:37.804 [JavaFX Application Thread] DEBUG PrimaryStageWindow   - Set initial scene to FXGLStartupScene
20:39:37.813 [JavaFX Application Thread] DEBUG PrimaryStageWindow   - Opening main window
20:39:37.915 [JavaFX Application Thread] DEBUG PrimaryStageWindow   - Window border size: (14.4000244140625, 37.5999755859375)
20:39:37.915 [JavaFX Application Thread] DEBUG PrimaryStageWindow   - Scaled size: 1280.0 x 720.0
20:39:37.916 [JavaFX Application Thread] DEBUG PrimaryStageWindow   - Scaled ratio: (1.0, 1.0)
20:39:37.916 [JavaFX Application Thread] DEBUG PrimaryStageWindow   - Scene size: 1280.0 x 720.0
20:39:37.916 [JavaFX Application Thread] DEBUG PrimaryStageWindow   - Stage size: 1294.4000244140625 x 757.5999755859375
20:39:37.926 [FXGL Background Thread 1 ] DEBUG Engine               - Initializing environment variables
20:39:37.967 [FXGL Background Thread 1 ] DEBUG FXGLAssetLoaderServi - User app class for loading assets: class com.demo.mainapp.crossyroaddemo.HelloApplication
20:39:37.968 [FXGL Background Thread 1 ] DEBUG GameApplicationServi - Applying CSS: fxgl_dark.css
20:39:37.968 [FXGL Background Thread 1 ] DEBUG FXGLAssetLoaderServi - Loading from file system: jar:file:///C:/Users/Admin/.m2/repository/com/github/almasb/fxgl/17.3/fxgl-17.3.jar!/fxglassets/ui/css/fxgl_dark.css
20:39:38.018 [FXGL Background Thread 1 ] DEBUG GameApplicationServi - Initializing application scenes
20:39:38.020 [FXGL Background Thread 1 ] DEBUG GameWorld            - Game world initialized
20:39:38.090 [FXGL Background Thread 1 ] DEBUG PhysicsWorld         - Physics world initialized: appHeight=720, physics.ppm=50.0
20:39:38.090 [FXGL Background Thread 1 ] DEBUG PhysicsWorld         - Using strategy: BRUTE_FORCE
20:39:38.096 [FXGL Background Thread 1 ] DEBUG GameScene            - Game scene initialized: 1280x720
20:39:38.150 [FXGL Background Thread 1 ] DEBUG FXGL.DefaultMenu     - createMenuBodyGameMenu()
20:39:38.167 [FXGL Background Thread 1 ] DEBUG FXGL.DefaultMenu     - createOptionsMenu()
20:39:38.174 [FXGL Background Thread 1 ] DEBUG FXGL.DefaultMenu     - createExtraMenu()
20:39:38.183 [FXGL Background Thread 1 ] DEBUG FXGLAssetLoaderServi - Loading from file system: jar:file:///C:/Users/Admin/.m2/repository/com/github/almasb/fxgl/17.3/fxgl-17.3.jar!/fxglassets/textures/particles/smoke.png
20:39:38.280 [FXGL Background Thread 1 ] DEBUG FXGLAssetLoaderServi - Loading from file system: jar:file:///C:/Users/Admin/.m2/repository/com/github/almasb/fxgl/17.3/fxgl-17.3.jar!/fxglassets/textures/particles/trace_horizontal.png
20:39:38.304 [FXGL Background Thread 1 ] DEBUG GameApplicationServi - Application scenes initialized
20:39:38.320 [FXGL Background Thread 1 ] DEBUG SystemBundleService  - Loading FXGL system data
20:39:38.328 [FXGL Background Thread 1 ] DEBUG FileSystemAccess     - Reading from: C:\Workspace\Do-an\FXGL-training\CrossyRoadDemo\system\fxgl.bundle
20:39:38.337 [FXGL Background Thread 1 ] DEBUG SystemBundleService  - Bundle FXGL: {}
20:39:38.337 [FXGL Background Thread 1 ] DEBUG UpdaterService       - Checking for updates
20:39:38.343 [FXGL Background Thread 4 ] DEBUG FXGLApplication      - Loading fonts
20:39:38.343 [FXGL Background Thread 4 ] DEBUG FXGLAssetLoaderServi - Loading from file system: jar:file:///C:/Users/Admin/.m2/repository/com/github/almasb/fxgl/17.3/fxgl-17.3.jar!/fxglassets/ui/fonts/VarelaRound-Regular.ttf
20:39:38.344 [FXGL Background Thread 1 ] DEBUG FXGLApplication      - Loading default localization
20:39:38.345 [FXGL Background Thread 1 ] DEBUG FXGLAssetLoaderServi - Loading from file system: jar:file:///C:/Users/Admin/.m2/repository/com/github/almasb/fxgl/17.3/fxgl-17.3.jar!/fxglassets/languages/english.lang
20:39:38.368 [FXGL Background Thread 1 ] INFO  FXGLApplication      - FXGL initialization took: 0.442 sec
20:39:38.369 [JavaFX Application Thread] DEBUG FXGLAssetLoaderServi - Loading from file system: jar:file:///C:/Users/Admin/.m2/repository/com/github/almasb/fxgl/17.3/fxgl-17.3.jar!/fxglassets/textures/fxgl_icon.png
20:39:38.385 [JavaFX Application Thread] DEBUG FXGLAssetLoaderServi - Loading from file system: jar:file:///C:/Users/Admin/.m2/repository/com/github/almasb/fxgl/17.3/fxgl-17.3.jar!/fxglassets/textures/fxgl_default_cursor.png
20:39:38.398 [JavaFX Application Thread] DEBUG Input                - Registered new binding: Screenshot - CTRL+8
20:39:38.399 [JavaFX Application Thread] DEBUG Input                - Registered new binding: System info dump - CTRL+9
20:39:38.400 [JavaFX Application Thread] DEBUG Input                - Registered new binding: Restart - CTRL+R
20:39:38.400 [JavaFX Application Thread] DEBUG Input                - Registered new binding: Toggle Debug Camera - CTRL+7
20:39:38.404 [JavaFX Application Thread] DEBUG LoopRunner           - Starting loop
20:39:38.404 [JavaFX Application Thread] DEBUG LoopRunner           - Initializing JavaFX AnimationTimerLoop
20:39:38.407 [JavaFX Application Thread] DEBUG Input                - Clearing active input actions
20:39:38.414 [JavaFX Application Thread] DEBUG GameApplicationServi - Removing overlay from FXGLStartupScene and adding to FXGLMainMenuDummyScene
20:39:38.414 [JavaFX Application Thread] DEBUG PrimaryStageWindow   - FXGLStartupScene -> FXGLMainMenuDummyScene
20:39:38.415 [JavaFX Application Thread] DEBUG PrimaryStageWindow   - Push state: MainMenu
20:39:38.415 [JavaFX Application Thread] DEBUG Input                - Clearing active input actions
20:39:38.427 [JavaFX Application Thread] DEBUG GameApplicationServi - Removing overlay from FXGLMainMenuDummyScene and adding to MainMenu
20:39:38.428 [JavaFX Application Thread] DEBUG PrimaryStageWindow   - FXGLMainMenuDummyScene -> MainMenu
20:39:38.430 [FXGL Background Thread 4 ] DEBUG FXGLAssetLoaderServi - Loading from file system: jar:file:///C:/Users/Admin/.m2/repository/com/github/almasb/fxgl/17.3/fxgl-17.3.jar!/fxglassets/ui/fonts/Abel-Regular.ttf
20:39:38.436 [FXGL Background Thread 4 ] DEBUG FXGLAssetLoaderServi - Loading from file system: jar:file:///C:/Users/Admin/.m2/repository/com/github/almasb/fxgl/17.3/fxgl-17.3.jar!/fxglassets/ui/fonts/TerminalLandMono-Regular.otf
20:39:38.442 [FXGL Background Thread 4 ] DEBUG FXGLAssetLoaderServi - Loading from file system: jar:file:///C:/Users/Admin/.m2/repository/com/github/almasb/fxgl/17.3/fxgl-17.3.jar!/fxglassets/ui/fonts/Courier-Prime.ttf
20:39:38.504 [JavaFX Application Thread] DEBUG FXGLApplication      - Registering font factories with UI factory
20:39:39.192 [FXGL Background Thread 2 ] INFO  UpdaterService       - Your current version:  17.3
20:39:39.193 [FXGL Background Thread 2 ] INFO  UpdaterService       - Latest stable version: 21.1
20:39:41.342 [FXGL Background Thread 3 ] DEBUG Engine               - Logging environment variables
20:39:41.342 [FXGL Background Thread 3 ] DEBUG Engine               - achievements: []
20:39:41.342 [FXGL Background Thread 3 ] DEBUG Engine               - actualHeight: 720.0
20:39:41.342 [FXGL Background Thread 3 ] DEBUG Engine               - actualHeightProperty: ReadOnlyDoubleProperty [value: 720.0]
20:39:41.343 [FXGL Background Thread 3 ] DEBUG Engine               - actualWidth: 1280.0
20:39:41.343 [FXGL Background Thread 3 ] DEBUG Engine               - actualWidthProperty: ReadOnlyDoubleProperty [value: 1280.0]
20:39:41.343 [FXGL Background Thread 3 ] DEBUG Engine               - appIcon: fxgl_icon.png
20:39:41.343 [FXGL Background Thread 3 ] DEBUG Engine               - applicationMode: DEVELOPER
20:39:41.343 [FXGL Background Thread 3 ] DEBUG Engine               - cSSList: [fxgl_dark.css]
20:39:41.343 [FXGL Background Thread 3 ] DEBUG Engine               - collisionDetectionStrategy: BRUTE_FORCE
20:39:41.343 [FXGL Background Thread 3 ] DEBUG Engine               - configClass: Optional.empty
20:39:41.343 [FXGL Background Thread 3 ] DEBUG Engine               - credits: [[Start date: 20 june 2024, , -- Lead --, Hank, , -- Member --, Quan, , -- Designer --, Quan, , -- Search idea --, Hank, Quan]]
20:39:41.343 [FXGL Background Thread 3 ] DEBUG Engine               - defaultCursor: CursorInfo(imageName=fxgl_default_cursor.png, hotspotX=7.0, hotspotY=6.0)
20:39:41.344 [FXGL Background Thread 3 ] DEBUG Engine               - devBBoxColorProperty: ObjectProperty [value: 0xff0000ff]
20:39:41.344 [FXGL Background Thread 3 ] DEBUG Engine               - devEnableDebugCameraProperty: BooleanProperty [value: false]
20:39:41.344 [FXGL Background Thread 3 ] DEBUG Engine               - devSensorColorProperty: ObjectProperty [value: 0xffff00ff]
20:39:41.344 [FXGL Background Thread 3 ] DEBUG Engine               - devShowBBoxProperty: BooleanProperty [value: false]
20:39:41.344 [FXGL Background Thread 3 ] DEBUG Engine               - devShowPositionProperty: BooleanProperty [value: false]
20:39:41.344 [FXGL Background Thread 3 ] DEBUG Engine               - enabledMenuItems: [EXTRA]
20:39:41.344 [FXGL Background Thread 3 ] DEBUG Engine               - engineServices: [class com.almasb.fxgl.app.services.FXGLAssetLoaderService, class com.almasb.fxgl.app.FXGLApplication$GameApplicationService, class com.almasb.fxgl.app.services.FXGLDialogService, class com.almasb.fxgl.app.services.IOTaskExecutorService, class com.almasb.fxgl.io.FileSystemService, class com.almasb.fxgl.localization.LocalizationService, class com.almasb.fxgl.app.services.SystemBundleService, class com.almasb.fxgl.profile.SaveLoadService, class com.almasb.fxgl.ui.FXGLUIFactoryServiceProvider, class com.almasb.fxgl.ui.FXGLDialogFactoryServiceProvider, class com.almasb.fxgl.audio.AudioPlayer, class com.almasb.fxgl.notification.impl.NotificationServiceProvider, class com.almasb.fxgl.achievement.AchievementService, class com.almasb.fxgl.cutscene.CutsceneService, class com.almasb.fxgl.minigames.MiniGameService, class com.almasb.fxgl.net.NetService, class com.almasb.fxgl.app.services.UpdaterService, class com.almasb.fxgl.dev.DevService]
20:39:41.344 [FXGL Background Thread 3 ] DEBUG Engine               - fontGame: Abel-Regular.ttf
20:39:41.344 [FXGL Background Thread 3 ] DEBUG Engine               - fontMono: TerminalLandMono-Regular.otf
20:39:41.344 [FXGL Background Thread 3 ] DEBUG Engine               - fontSizeScaleUI: 1.0
20:39:41.344 [FXGL Background Thread 3 ] DEBUG Engine               - fontText: Courier-Prime.ttf
20:39:41.344 [FXGL Background Thread 3 ] DEBUG Engine               - fontUI: VarelaRound-Regular.ttf
20:39:41.344 [FXGL Background Thread 3 ] DEBUG Engine               - fullScreen: BooleanProperty [value: false]
20:39:41.344 [FXGL Background Thread 3 ] DEBUG Engine               - gameDifficulty: MEDIUM
20:39:41.344 [FXGL Background Thread 3 ] DEBUG Engine               - gameDifficultyProperty: ObjectProperty [value: MEDIUM]
20:39:41.344 [FXGL Background Thread 3 ] DEBUG Engine               - globalMusicVolume: 0.5
20:39:41.345 [FXGL Background Thread 3 ] DEBUG Engine               - globalMusicVolumeProperty: DoubleProperty [value: 0.5]
20:39:41.345 [FXGL Background Thread 3 ] DEBUG Engine               - globalSoundVolume: 0.5
20:39:41.345 [FXGL Background Thread 3 ] DEBUG Engine               - globalSoundVolumeProperty: DoubleProperty [value: 0.5]
20:39:41.345 [FXGL Background Thread 3 ] DEBUG Engine               - height: 720
20:39:41.345 [FXGL Background Thread 3 ] DEBUG Engine               - is3D: false
20:39:41.345 [FXGL Background Thread 3 ] DEBUG Engine               - isAndroid: false
20:39:41.345 [FXGL Background Thread 3 ] DEBUG Engine               - isBrowser: false
20:39:41.345 [FXGL Background Thread 3 ] DEBUG Engine               - isClickFeedbackEnabled: false
20:39:41.345 [FXGL Background Thread 3 ] DEBUG Engine               - isCloseConfirmation: false
20:39:41.345 [FXGL Background Thread 3 ] DEBUG Engine               - isDesktop: true
20:39:41.345 [FXGL Background Thread 3 ] DEBUG Engine               - isDeveloperMenuEnabled: false
20:39:41.345 [FXGL Background Thread 3 ] DEBUG Engine               - isEmbedded: false
20:39:41.345 [FXGL Background Thread 3 ] DEBUG Engine               - isEntityPreloadEnabled: true
20:39:41.345 [FXGL Background Thread 3 ] DEBUG Engine               - isExperimentalTiledLargeMap: false
20:39:41.345 [FXGL Background Thread 3 ] DEBUG Engine               - isFileSystemWriteAllowed: true
20:39:41.345 [FXGL Background Thread 3 ] DEBUG Engine               - isFullScreenAllowed: false
20:39:41.345 [FXGL Background Thread 3 ] DEBUG Engine               - isFullScreenFromStart: false
20:39:41.346 [FXGL Background Thread 3 ] DEBUG Engine               - isGameMenuEnabled: true
20:39:41.346 [FXGL Background Thread 3 ] DEBUG Engine               - isIOS: false
20:39:41.346 [FXGL Background Thread 3 ] DEBUG Engine               - isIntroEnabled: false
20:39:41.346 [FXGL Background Thread 3 ] DEBUG Engine               - isLinux: false
20:39:41.346 [FXGL Background Thread 3 ] DEBUG Engine               - isMac: false
20:39:41.346 [FXGL Background Thread 3 ] DEBUG Engine               - isMainMenuEnabled: true
20:39:41.346 [FXGL Background Thread 3 ] DEBUG Engine               - isManualResizeEnabled: true
20:39:41.346 [FXGL Background Thread 3 ] DEBUG Engine               - isMobile: false
20:39:41.346 [FXGL Background Thread 3 ] DEBUG Engine               - isNative: false
20:39:41.346 [FXGL Background Thread 3 ] DEBUG Engine               - isPauseMusicWhenMinimized: true
20:39:41.346 [FXGL Background Thread 3 ] DEBUG Engine               - isPreserveResizeRatio: true
20:39:41.346 [FXGL Background Thread 3 ] DEBUG Engine               - isProfilingEnabled: false
20:39:41.346 [FXGL Background Thread 3 ] DEBUG Engine               - isScaleAffectedOnResize: true
20:39:41.346 [FXGL Background Thread 3 ] DEBUG Engine               - isSingleStep: false
20:39:41.346 [FXGL Background Thread 3 ] DEBUG Engine               - isUserProfileEnabled: false
20:39:41.346 [FXGL Background Thread 3 ] DEBUG Engine               - isWindows: true
20:39:41.346 [FXGL Background Thread 3 ] DEBUG Engine               - language: ObjectProperty [value: ENGLISH]
20:39:41.346 [FXGL Background Thread 3 ] DEBUG Engine               - menuKey: ESCAPE
20:39:41.346 [FXGL Background Thread 3 ] DEBUG Engine               - mouseSensitivity: 0.2
20:39:41.346 [FXGL Background Thread 3 ] DEBUG Engine               - notificationViewClass: class com.almasb.fxgl.notification.view.XboxNotificationView
20:39:41.346 [FXGL Background Thread 3 ] DEBUG Engine               - pixelsPerMeter: 50.0
20:39:41.346 [FXGL Background Thread 3 ] DEBUG Engine               - platform: WINDOWS
20:39:41.347 [FXGL Background Thread 3 ] DEBUG Engine               - prefHeightProperty: ReadOnlyDoubleProperty [value: 720.0]
20:39:41.347 [FXGL Background Thread 3 ] DEBUG Engine               - prefWidthProperty: ReadOnlyDoubleProperty [value: 1280.0]
20:39:41.347 [FXGL Background Thread 3 ] DEBUG Engine               - profileDir: profiles/
20:39:41.347 [FXGL Background Thread 3 ] DEBUG Engine               - profileName: StringProperty [value: DEFAULT]
20:39:41.347 [FXGL Background Thread 3 ] DEBUG Engine               - randomSeed: -1
20:39:41.347 [FXGL Background Thread 3 ] DEBUG Engine               - runtimeInfo: RuntimeInfo(platform=WINDOWS, version=17.3, build=30.03.2023 11.49)
20:39:41.347 [FXGL Background Thread 3 ] DEBUG Engine               - saveFileExt: sav
20:39:41.347 [FXGL Background Thread 3 ] DEBUG Engine               - scaledHeightProp$fxgl: DoubleProperty [bound, value: 720.0]
20:39:41.347 [FXGL Background Thread 3 ] DEBUG Engine               - scaledWidthProp$fxgl: DoubleProperty [bound, value: 1280.0]
20:39:41.347 [FXGL Background Thread 3 ] DEBUG Engine               - sceneFactory: com.demo.mainapp.crossyroaddemo.HelloApplication$1@7d998ce0
20:39:41.347 [FXGL Background Thread 3 ] DEBUG Engine               - secondsIn24h: 60
20:39:41.347 [FXGL Background Thread 3 ] DEBUG Engine               - soundMenuBack: menu/back.wav
20:39:41.347 [FXGL Background Thread 3 ] DEBUG Engine               - soundMenuPress: menu/press.wav
20:39:41.347 [FXGL Background Thread 3 ] DEBUG Engine               - soundMenuSelect: menu/select.wav
20:39:41.347 [FXGL Background Thread 3 ] DEBUG Engine               - soundNotification: core/notification.wav
20:39:41.347 [FXGL Background Thread 3 ] DEBUG Engine               - stageStyle: DECORATED
20:39:41.347 [FXGL Background Thread 3 ] DEBUG Engine               - supportedLanguages: [ENGLISH, FRENCH, GERMAN, HUNGARIAN, RUSSIAN]
20:39:41.347 [FXGL Background Thread 3 ] DEBUG Engine               - ticksPerSecond: -1
20:39:41.348 [FXGL Background Thread 3 ] DEBUG Engine               - title: Player Remix
20:39:41.348 [FXGL Background Thread 3 ] DEBUG Engine               - urlGithub: https://github.com/AlmasB/FXGL
20:39:41.348 [FXGL Background Thread 3 ] DEBUG Engine               - urlLeaderboard: http://fxgl-top.herokuapp.com/
20:39:41.348 [FXGL Background Thread 3 ] DEBUG Engine               - urlPOM: https://raw.githubusercontent.com/AlmasB/FXGL/release/README.md
20:39:41.348 [FXGL Background Thread 3 ] DEBUG Engine               - userAppClass: class com.demo.mainapp.crossyroaddemo.HelloApplication
20:39:41.348 [FXGL Background Thread 3 ] DEBUG Engine               - version: 0.1 - SNAPSHOT
20:39:41.348 [FXGL Background Thread 3 ] DEBUG Engine               - versionCheckDays: 7
20:39:41.348 [FXGL Background Thread 3 ] DEBUG Engine               - width: 1280
20:39:41.348 [FXGL Background Thread 3 ] DEBUG Engine               - Logging services
20:39:41.348 [FXGL Background Thread 3 ] DEBUG Engine               - class com.almasb.fxgl.app.services.FXGLAssetLoaderService
20:39:41.348 [FXGL Background Thread 3 ] DEBUG Engine               - class com.almasb.fxgl.app.FXGLApplication$GameApplicationService
20:39:41.348 [FXGL Background Thread 3 ] DEBUG Engine               - class com.almasb.fxgl.app.services.FXGLDialogService
20:39:41.348 [FXGL Background Thread 3 ] DEBUG Engine               - class com.almasb.fxgl.app.services.IOTaskExecutorService
20:39:41.348 [FXGL Background Thread 3 ] DEBUG Engine               - class com.almasb.fxgl.io.FileSystemService
20:39:41.348 [FXGL Background Thread 3 ] DEBUG Engine               - class com.almasb.fxgl.localization.LocalizationService
20:39:41.348 [FXGL Background Thread 3 ] DEBUG Engine               - class com.almasb.fxgl.app.services.SystemBundleService
20:39:41.348 [FXGL Background Thread 3 ] DEBUG Engine               - class com.almasb.fxgl.profile.SaveLoadService
20:39:41.348 [FXGL Background Thread 3 ] DEBUG Engine               - class com.almasb.fxgl.ui.FXGLUIFactoryServiceProvider
20:39:41.348 [FXGL Background Thread 3 ] DEBUG Engine               - class com.almasb.fxgl.ui.FXGLDialogFactoryServiceProvider
20:39:41.348 [FXGL Background Thread 3 ] DEBUG Engine               - class com.almasb.fxgl.audio.AudioPlayer
20:39:41.348 [FXGL Background Thread 3 ] DEBUG Engine               - class com.almasb.fxgl.notification.impl.NotificationServiceProvider
20:39:41.348 [FXGL Background Thread 3 ] DEBUG Engine               - class com.almasb.fxgl.achievement.AchievementService
20:39:41.348 [FXGL Background Thread 3 ] DEBUG Engine               - class com.almasb.fxgl.cutscene.CutsceneService
20:39:41.348 [FXGL Background Thread 3 ] DEBUG Engine               - class com.almasb.fxgl.minigames.MiniGameService
20:39:41.348 [FXGL Background Thread 3 ] DEBUG Engine               - class com.almasb.fxgl.net.NetService
20:39:41.348 [FXGL Background Thread 3 ] DEBUG Engine               - class com.almasb.fxgl.app.services.UpdaterService
20:39:41.348 [FXGL Background Thread 3 ] DEBUG Engine               - class com.almasb.fxgl.dev.DevService
20:39:42.173 [JavaFX Application Thread] DEBUG Menu                 - fireNewGame()
20:39:42.174 [JavaFX Application Thread] DEBUG GameApplicationServi - Starting new game
20:39:42.174 [JavaFX Application Thread] DEBUG LoopRunner           - Stopping loop
20:39:42.175 [JavaFX Application Thread] FATAL FXGLApplication      - Uncaught Exception:
kotlin.UninitializedPropertyAccessException: lateinit property loadScene has not been initialized
	at com.almasb.fxgl.all@17.3/com.almasb.fxgl.app.FXGLApplication$GameApplicationService.startNewGame(FXGLApplication.kt:611)
	at com.almasb.fxgl.all@17.3/com.almasb.fxgl.dsl.FXGL$Companion$controller$1.startNewGame(FXGL.kt:130)
	at com.almasb.fxgl.all@17.3/com.almasb.fxgl.app.scene.FXGLMenu.fireNewGame(FXGLMenu.kt:44)
	at com.demo.mainapp.crossyroaddemo/com.demo.mainapp.crossyroaddemo.MainMenu.lambda$new$0(MainMenu.java:25)
	at javafx.base/com.sun.javafx.event.CompositeEventHandler.dispatchBubblingEvent(CompositeEventHandler.java:86)
	at javafx.base/com.sun.javafx.event.EventHandlerManager.dispatchBubblingEvent(EventHandlerManager.java:234)
	at javafx.base/com.sun.javafx.event.EventHandlerManager.dispatchBubblingEvent(EventHandlerManager.java:191)
	at javafx.base/com.sun.javafx.event.CompositeEventDispatcher.dispatchBubblingEvent(CompositeEventDispatcher.java:59)
	at javafx.base/com.sun.javafx.event.BasicEventDispatcher.dispatchEvent(BasicEventDispatcher.java:58)
	at javafx.base/com.sun.javafx.event.EventDispatchChainImpl.dispatchEvent(EventDispatchChainImpl.java:114)
	at javafx.base/com.sun.javafx.event.BasicEventDispatcher.dispatchEvent(BasicEventDispatcher.java:56)
	at javafx.base/com.sun.javafx.event.EventDispatchChainImpl.dispatchEvent(EventDispatchChainImpl.java:114)
	at javafx.base/com.sun.javafx.event.BasicEventDispatcher.dispatchEvent(BasicEventDispatcher.java:56)
	at javafx.base/com.sun.javafx.event.EventDispatchChainImpl.dispatchEvent(EventDispatchChainImpl.java:114)
	at javafx.base/com.sun.javafx.event.EventUtil.fireEventImpl(EventUtil.java:74)
	at javafx.base/com.sun.javafx.event.EventUtil.fireEvent(EventUtil.java:49)
	at javafx.base/javafx.event.Event.fireEvent(Event.java:198)
	at javafx.graphics/javafx.scene.Node.fireEvent(Node.java:8792)
	at javafx.controls/javafx.scene.control.Button.fire(Button.java:203)
	at javafx.controls/com.sun.javafx.scene.control.behavior.ButtonBehavior.mouseReleased(ButtonBehavior.java:208)
	at javafx.controls/com.sun.javafx.scene.control.inputmap.InputMap.handle(InputMap.java:274)
	at javafx.base/com.sun.javafx.event.CompositeEventHandler$NormalEventHandlerRecord.handleBubblingEvent(CompositeEventHandler.java:247)
	at javafx.base/com.sun.javafx.event.CompositeEventHandler.dispatchBubblingEvent(CompositeEventHandler.java:80)
	at javafx.base/com.sun.javafx.event.EventHandlerManager.dispatchBubblingEvent(EventHandlerManager.java:234)
	at javafx.base/com.sun.javafx.event.EventHandlerManager.dispatchBubblingEvent(EventHandlerManager.java:191)
	at javafx.base/com.sun.javafx.event.CompositeEventDispatcher.dispatchBubblingEvent(CompositeEventDispatcher.java:59)
	at javafx.base/com.sun.javafx.event.BasicEventDispatcher.dispatchEvent(BasicEventDispatcher.java:58)
	at javafx.base/com.sun.javafx.event.EventDispatchChainImpl.dispatchEvent(EventDispatchChainImpl.java:114)
	at javafx.base/com.sun.javafx.event.BasicEventDispatcher.dispatchEvent(BasicEventDispatcher.java:56)
	at javafx.base/com.sun.javafx.event.EventDispatchChainImpl.dispatchEvent(EventDispatchChainImpl.java:114)
	at javafx.base/com.sun.javafx.event.BasicEventDispatcher.dispatchEvent(BasicEventDispatcher.java:56)
	at javafx.base/com.sun.javafx.event.EventDispatchChainImpl.dispatchEvent(EventDispatchChainImpl.java:114)
	at javafx.base/com.sun.javafx.event.EventUtil.fireEventImpl(EventUtil.java:74)
	at javafx.base/com.sun.javafx.event.EventUtil.fireEvent(EventUtil.java:54)
	at javafx.base/javafx.event.Event.fireEvent(Event.java:198)
	at javafx.graphics/javafx.scene.Scene$MouseHandler.process(Scene.java:3897)
	at javafx.graphics/javafx.scene.Scene.processMouseEvent(Scene.java:1878)
	at javafx.graphics/javafx.scene.Scene$ScenePeerListener.mouseEvent(Scene.java:2623)
	at javafx.graphics/com.sun.javafx.tk.quantum.GlassViewEventHandler$MouseEventNotification.run(GlassViewEventHandler.java:411)
	at javafx.graphics/com.sun.javafx.tk.quantum.GlassViewEventHandler$MouseEventNotification.run(GlassViewEventHandler.java:301)
	at java.base/java.security.AccessController.doPrivileged(AccessController.java:399)
	at javafx.graphics/com.sun.javafx.tk.quantum.GlassViewEventHandler.lambda$handleMouseEvent$2(GlassViewEventHandler.java:450)
	at javafx.graphics/com.sun.javafx.tk.quantum.QuantumToolkit.runWithoutRenderLock(QuantumToolkit.java:424)
	at javafx.graphics/com.sun.javafx.tk.quantum.GlassViewEventHandler.handleMouseEvent(GlassViewEventHandler.java:449)
	at javafx.graphics/com.sun.glass.ui.View.handleMouseEvent(View.java:557)
	at javafx.graphics/com.sun.glass.ui.View.notifyMouse(View.java:943)
	at javafx.graphics/com.sun.glass.ui.win.WinApplication._runLoop(Native Method)
	at javafx.graphics/com.sun.glass.ui.win.WinApplication.lambda$runLoop$3(WinApplication.java:184)
	at java.base/java.lang.Thread.run(Thread.java:842)

20:39:42.176 [JavaFX Application Thread] FATAL FXGLApplication      - Application will now exit
20:39:42.194 [JavaFX Application Thread] DEBUG PrimaryStageWindow   - Push state: ErrorSubScene
20:39:42.194 [JavaFX Application Thread] DEBUG Input                - Clearing active input actions
20:39:42.197 [JavaFX Application Thread] DEBUG GameApplicationServi - Removing overlay from MainMenu and adding to ErrorSubScene
20:39:42.198 [JavaFX Application Thread] DEBUG PrimaryStageWindow   - MainMenu -> ErrorSubScene
20:39:45.253 [JavaFX Application Thread] DEBUG FXGLApplication      - Exiting FXGL
20:39:45.253 [JavaFX Application Thread] DEBUG Async                - Shutting down background threads
20:39:45.253 [JavaFX Application Thread] DEBUG PrimaryStageWindow   - Closing main window
20:39:45.268 [JavaFX Application Thread] DEBUG Logger               - Closing Logger
