20:48:54.424 [main                     ] DEBUG Logger               - Configured Logger
20:48:54.459 [main                     ] DEBUG GameApplication      - Logging settings
Title: Player Remix
Version: 0.1 - Team thằng nào mạnh, thằng đấy làm!
Width: 1280
Height: 720
Fullscreen: false
Intro: false
Profiling: false
Single step:false
App Mode: DEVELOPER
Menu Key: ESCAPE
Stage Style: DECORATED
Scene Factory: class com.almasb.fxgl.app.scene.SceneFactory

20:48:54.907 [JavaFX Application Thread] DEBUG FXGLApplication      - Initializing FXGL
20:48:54.915 [JavaFX Application Thread] INFO  Engine               - FXGL-17.3 (30.03.2023 11.49) on WINDOWS (J:17.0.10 FX:17.0.6)
20:48:54.915 [JavaFX Application Thread] DEBUG Engine               - JRE Vendor Name: Oracle Corporation
20:48:54.916 [JavaFX Application Thread] DEBUG Engine               - Running on OS: Windows 11 version 10.0
20:48:54.916 [JavaFX Application Thread] DEBUG Engine               - Architecture: amd64
20:48:54.916 [JavaFX Application Thread] INFO  Engine               - Source code and latest versions at: https://github.com/AlmasB/FXGL
20:48:54.916 [JavaFX Application Thread] INFO  Engine               -       Ask questions and discuss at: https://github.com/AlmasB/FXGL/discussions
20:48:54.916 [JavaFX Application Thread] INFO  Engine               -              Join the FXGL chat at: https://gitter.im/AlmasB/FXGL
20:48:55.001 [JavaFX Application Thread] DEBUG PrimaryStageWindow   - Creating a JavaFX scene
20:48:55.050 [JavaFX Application Thread] DEBUG PrimaryStageWindow   - Target settings size: 1280.0 x 720.0
20:48:55.051 [JavaFX Application Thread] DEBUG PrimaryStageWindow   - Scaled scene size:    1280.0 x 720.0
20:48:55.051 [JavaFX Application Thread] DEBUG PrimaryStageWindow   - Scaled ratio: (1.0, 1.0)
20:48:55.052 [JavaFX Application Thread] DEBUG PrimaryStageWindow   - Set initial scene to FXGLStartupScene
20:48:55.060 [JavaFX Application Thread] DEBUG PrimaryStageWindow   - Opening main window
20:48:55.149 [JavaFX Application Thread] DEBUG PrimaryStageWindow   - Window border size: (14.4000244140625, 37.5999755859375)
20:48:55.149 [JavaFX Application Thread] DEBUG PrimaryStageWindow   - Scaled size: 1280.0 x 720.0
20:48:55.150 [JavaFX Application Thread] DEBUG PrimaryStageWindow   - Scaled ratio: (1.0, 1.0)
20:48:55.150 [JavaFX Application Thread] DEBUG PrimaryStageWindow   - Scene size: 1280.0 x 720.0
20:48:55.150 [JavaFX Application Thread] DEBUG PrimaryStageWindow   - Stage size: 1294.4000244140625 x 757.5999755859375
20:48:55.161 [FXGL Background Thread 1 ] DEBUG Engine               - Initializing environment variables
20:48:55.203 [FXGL Background Thread 1 ] DEBUG FXGLAssetLoaderServi - User app class for loading assets: class com.demo.mainapp.crossyroaddemo.HelloApplication
20:48:55.203 [FXGL Background Thread 1 ] DEBUG GameApplicationServi - Applying CSS: fxgl_dark.css
20:48:55.204 [FXGL Background Thread 1 ] DEBUG FXGLAssetLoaderServi - Loading from file system: jar:file:///C:/Users/Admin/.m2/repository/com/github/almasb/fxgl/17.3/fxgl-17.3.jar!/fxglassets/ui/css/fxgl_dark.css
20:48:55.258 [FXGL Background Thread 1 ] DEBUG GameApplicationServi - Initializing application scenes
20:48:55.303 [FXGL Background Thread 1 ] DEBUG GameWorld            - Game world initialized
20:48:55.360 [FXGL Background Thread 1 ] DEBUG PhysicsWorld         - Physics world initialized: appHeight=720, physics.ppm=50.0
20:48:55.360 [FXGL Background Thread 1 ] DEBUG PhysicsWorld         - Using strategy: BRUTE_FORCE
20:48:55.365 [FXGL Background Thread 1 ] DEBUG GameScene            - Game scene initialized: 1280x720
20:48:55.380 [FXGL Background Thread 1 ] DEBUG FXGL.DefaultMenu     - createMenuBodyMainMenu()
20:48:55.395 [FXGL Background Thread 1 ] DEBUG FXGL.DefaultMenu     - createOptionsMenu()
20:48:55.399 [FXGL Background Thread 1 ] DEBUG FXGL.DefaultMenu     - createExtraMenu()
20:48:55.407 [FXGL Background Thread 1 ] DEBUG FXGLAssetLoaderServi - Loading from file system: jar:file:///C:/Users/Admin/.m2/repository/com/github/almasb/fxgl/17.3/fxgl-17.3.jar!/fxglassets/textures/particles/smoke.png
20:48:55.496 [FXGL Background Thread 1 ] DEBUG FXGLAssetLoaderServi - Loading from file system: jar:file:///C:/Users/Admin/.m2/repository/com/github/almasb/fxgl/17.3/fxgl-17.3.jar!/fxglassets/textures/particles/trace_horizontal.png
20:48:55.520 [FXGL Background Thread 1 ] DEBUG FXGL.DefaultMenu     - createMenuBodyGameMenu()
20:48:55.521 [FXGL Background Thread 1 ] DEBUG FXGL.DefaultMenu     - createOptionsMenu()
20:48:55.523 [FXGL Background Thread 1 ] DEBUG FXGL.DefaultMenu     - createExtraMenu()
20:48:55.534 [FXGL Background Thread 1 ] DEBUG GameApplicationServi - Application scenes initialized
20:48:55.547 [FXGL Background Thread 1 ] DEBUG SystemBundleService  - Loading FXGL system data
20:48:55.552 [FXGL Background Thread 1 ] DEBUG FileSystemAccess     - Reading from: C:\Workspace\Do-an\FXGL-training\CrossyRoadDemo\system\fxgl.bundle
20:48:55.561 [FXGL Background Thread 1 ] DEBUG SystemBundleService  - Bundle FXGL: {}
20:48:55.561 [FXGL Background Thread 1 ] DEBUG UpdaterService       - Checking for updates
20:48:55.567 [FXGL Background Thread 4 ] DEBUG FXGLApplication      - Loading fonts
20:48:55.568 [FXGL Background Thread 4 ] DEBUG FXGLAssetLoaderServi - Loading from file system: jar:file:///C:/Users/Admin/.m2/repository/com/github/almasb/fxgl/17.3/fxgl-17.3.jar!/fxglassets/ui/fonts/VarelaRound-Regular.ttf
20:48:55.568 [FXGL Background Thread 1 ] DEBUG FXGLApplication      - Loading default localization
20:48:55.569 [FXGL Background Thread 1 ] DEBUG FXGLAssetLoaderServi - Loading from file system: jar:file:///C:/Users/Admin/.m2/repository/com/github/almasb/fxgl/17.3/fxgl-17.3.jar!/fxglassets/languages/english.lang
20:48:55.587 [FXGL Background Thread 1 ] INFO  FXGLApplication      - FXGL initialization took: 0.425 sec
20:48:55.588 [JavaFX Application Thread] DEBUG FXGLAssetLoaderServi - Loading from file system: jar:file:///C:/Users/Admin/.m2/repository/com/github/almasb/fxgl/17.3/fxgl-17.3.jar!/fxglassets/textures/fxgl_icon.png
20:48:55.606 [JavaFX Application Thread] DEBUG FXGLAssetLoaderServi - Loading from file system: jar:file:///C:/Users/Admin/.m2/repository/com/github/almasb/fxgl/17.3/fxgl-17.3.jar!/fxglassets/textures/fxgl_default_cursor.png
20:48:55.619 [JavaFX Application Thread] DEBUG Input                - Registered new binding: Screenshot - CTRL+8
20:48:55.620 [JavaFX Application Thread] DEBUG Input                - Registered new binding: System info dump - CTRL+9
20:48:55.620 [JavaFX Application Thread] DEBUG Input                - Registered new binding: Restart - CTRL+R
20:48:55.622 [JavaFX Application Thread] DEBUG Input                - Registered new binding: Toggle Debug Camera - CTRL+7
20:48:55.627 [JavaFX Application Thread] DEBUG LoopRunner           - Starting loop
20:48:55.627 [JavaFX Application Thread] DEBUG LoopRunner           - Initializing JavaFX AnimationTimerLoop
20:48:55.630 [JavaFX Application Thread] DEBUG Input                - Clearing active input actions
20:48:55.639 [JavaFX Application Thread] DEBUG GameApplicationServi - Removing overlay from FXGLStartupScene and adding to FXGLMainMenuDummyScene
20:48:55.640 [JavaFX Application Thread] DEBUG PrimaryStageWindow   - FXGLStartupScene -> FXGLMainMenuDummyScene
20:48:55.640 [JavaFX Application Thread] DEBUG PrimaryStageWindow   - Push state: FXGLDefaultMenu
20:48:55.645 [FXGL Background Thread 4 ] DEBUG FXGLAssetLoaderServi - Loading from file system: jar:file:///C:/Users/Admin/.m2/repository/com/github/almasb/fxgl/17.3/fxgl-17.3.jar!/fxglassets/ui/fonts/Abel-Regular.ttf
20:48:55.651 [FXGL Background Thread 4 ] DEBUG FXGLAssetLoaderServi - Loading from file system: jar:file:///C:/Users/Admin/.m2/repository/com/github/almasb/fxgl/17.3/fxgl-17.3.jar!/fxglassets/ui/fonts/TerminalLandMono-Regular.otf
20:48:55.652 [JavaFX Application Thread] DEBUG Input                - Clearing active input actions
20:48:55.658 [FXGL Background Thread 4 ] DEBUG FXGLAssetLoaderServi - Loading from file system: jar:file:///C:/Users/Admin/.m2/repository/com/github/almasb/fxgl/17.3/fxgl-17.3.jar!/fxglassets/ui/fonts/Courier-Prime.ttf
20:48:55.664 [JavaFX Application Thread] DEBUG GameApplicationServi - Removing overlay from FXGLMainMenuDummyScene and adding to FXGLDefaultMenu
20:48:55.665 [JavaFX Application Thread] DEBUG PrimaryStageWindow   - FXGLMainMenuDummyScene -> FXGLDefaultMenu
20:48:55.748 [JavaFX Application Thread] DEBUG FXGLApplication      - Registering font factories with UI factory
20:48:56.076 [FXGL Background Thread 2 ] INFO  UpdaterService       - Your current version:  17.3
20:48:56.076 [FXGL Background Thread 2 ] INFO  UpdaterService       - Latest stable version: 21.1
20:48:58.565 [FXGL Background Thread 3 ] DEBUG Engine               - Logging environment variables
20:48:58.566 [FXGL Background Thread 3 ] DEBUG Engine               - achievements: []
20:48:58.566 [FXGL Background Thread 3 ] DEBUG Engine               - actualHeight: 720.0
20:48:58.566 [FXGL Background Thread 3 ] DEBUG Engine               - actualHeightProperty: ReadOnlyDoubleProperty [value: 720.0]
20:48:58.567 [FXGL Background Thread 3 ] DEBUG Engine               - actualWidth: 1280.0
20:48:58.567 [FXGL Background Thread 3 ] DEBUG Engine               - actualWidthProperty: ReadOnlyDoubleProperty [value: 1280.0]
20:48:58.567 [FXGL Background Thread 3 ] DEBUG Engine               - appIcon: fxgl_icon.png
20:48:58.567 [FXGL Background Thread 3 ] DEBUG Engine               - applicationMode: DEVELOPER
20:48:58.567 [FXGL Background Thread 3 ] DEBUG Engine               - cSSList: [fxgl_dark.css]
20:48:58.567 [FXGL Background Thread 3 ] DEBUG Engine               - collisionDetectionStrategy: BRUTE_FORCE
20:48:58.567 [FXGL Background Thread 3 ] DEBUG Engine               - configClass: Optional.empty
20:48:58.567 [FXGL Background Thread 3 ] DEBUG Engine               - credits: [[Start date: 20 june 2024, , -- Lead --, Hank, , -- Member --, Quan, , -- Designer --, Quan, , -- Search idea --, Hank, Quan]]
20:48:58.568 [FXGL Background Thread 3 ] DEBUG Engine               - defaultCursor: CursorInfo(imageName=fxgl_default_cursor.png, hotspotX=7.0, hotspotY=6.0)
20:48:58.568 [FXGL Background Thread 3 ] DEBUG Engine               - devBBoxColorProperty: ObjectProperty [value: 0xff0000ff]
20:48:58.568 [FXGL Background Thread 3 ] DEBUG Engine               - devEnableDebugCameraProperty: BooleanProperty [value: false]
20:48:58.568 [FXGL Background Thread 3 ] DEBUG Engine               - devSensorColorProperty: ObjectProperty [value: 0xffff00ff]
20:48:58.568 [FXGL Background Thread 3 ] DEBUG Engine               - devShowBBoxProperty: BooleanProperty [value: false]
20:48:58.568 [FXGL Background Thread 3 ] DEBUG Engine               - devShowPositionProperty: BooleanProperty [value: false]
20:48:58.568 [FXGL Background Thread 3 ] DEBUG Engine               - enabledMenuItems: [EXTRA]
20:48:58.568 [FXGL Background Thread 3 ] DEBUG Engine               - engineServices: [class com.almasb.fxgl.app.services.FXGLAssetLoaderService, class com.almasb.fxgl.app.FXGLApplication$GameApplicationService, class com.almasb.fxgl.app.services.FXGLDialogService, class com.almasb.fxgl.app.services.IOTaskExecutorService, class com.almasb.fxgl.io.FileSystemService, class com.almasb.fxgl.localization.LocalizationService, class com.almasb.fxgl.app.services.SystemBundleService, class com.almasb.fxgl.profile.SaveLoadService, class com.almasb.fxgl.ui.FXGLUIFactoryServiceProvider, class com.almasb.fxgl.ui.FXGLDialogFactoryServiceProvider, class com.almasb.fxgl.audio.AudioPlayer, class com.almasb.fxgl.notification.impl.NotificationServiceProvider, class com.almasb.fxgl.achievement.AchievementService, class com.almasb.fxgl.cutscene.CutsceneService, class com.almasb.fxgl.minigames.MiniGameService, class com.almasb.fxgl.net.NetService, class com.almasb.fxgl.app.services.UpdaterService, class com.almasb.fxgl.dev.DevService]
20:48:58.568 [FXGL Background Thread 3 ] DEBUG Engine               - fontGame: Abel-Regular.ttf
20:48:58.568 [FXGL Background Thread 3 ] DEBUG Engine               - fontMono: TerminalLandMono-Regular.otf
20:48:58.568 [FXGL Background Thread 3 ] DEBUG Engine               - fontSizeScaleUI: 1.0
20:48:58.568 [FXGL Background Thread 3 ] DEBUG Engine               - fontText: Courier-Prime.ttf
20:48:58.569 [FXGL Background Thread 3 ] DEBUG Engine               - fontUI: VarelaRound-Regular.ttf
20:48:58.569 [FXGL Background Thread 3 ] DEBUG Engine               - fullScreen: BooleanProperty [value: false]
20:48:58.569 [FXGL Background Thread 3 ] DEBUG Engine               - gameDifficulty: MEDIUM
20:48:58.569 [FXGL Background Thread 3 ] DEBUG Engine               - gameDifficultyProperty: ObjectProperty [value: MEDIUM]
20:48:58.569 [FXGL Background Thread 3 ] DEBUG Engine               - globalMusicVolume: 0.5
20:48:58.569 [FXGL Background Thread 3 ] DEBUG Engine               - globalMusicVolumeProperty: DoubleProperty [value: 0.5]
20:48:58.569 [FXGL Background Thread 3 ] DEBUG Engine               - globalSoundVolume: 0.5
20:48:58.569 [FXGL Background Thread 3 ] DEBUG Engine               - globalSoundVolumeProperty: DoubleProperty [value: 0.5]
20:48:58.569 [FXGL Background Thread 3 ] DEBUG Engine               - height: 720
20:48:58.569 [FXGL Background Thread 3 ] DEBUG Engine               - is3D: false
20:48:58.569 [FXGL Background Thread 3 ] DEBUG Engine               - isAndroid: false
20:48:58.569 [FXGL Background Thread 3 ] DEBUG Engine               - isBrowser: false
20:48:58.569 [FXGL Background Thread 3 ] DEBUG Engine               - isClickFeedbackEnabled: false
20:48:58.569 [FXGL Background Thread 3 ] DEBUG Engine               - isCloseConfirmation: false
20:48:58.569 [FXGL Background Thread 3 ] DEBUG Engine               - isDesktop: true
20:48:58.569 [FXGL Background Thread 3 ] DEBUG Engine               - isDeveloperMenuEnabled: false
20:48:58.569 [FXGL Background Thread 3 ] DEBUG Engine               - isEmbedded: false
20:48:58.570 [FXGL Background Thread 3 ] DEBUG Engine               - isEntityPreloadEnabled: true
20:48:58.570 [FXGL Background Thread 3 ] DEBUG Engine               - isExperimentalTiledLargeMap: false
20:48:58.570 [FXGL Background Thread 3 ] DEBUG Engine               - isFileSystemWriteAllowed: true
20:48:58.570 [FXGL Background Thread 3 ] DEBUG Engine               - isFullScreenAllowed: false
20:48:58.570 [FXGL Background Thread 3 ] DEBUG Engine               - isFullScreenFromStart: false
20:48:58.570 [FXGL Background Thread 3 ] DEBUG Engine               - isGameMenuEnabled: true
20:48:58.570 [FXGL Background Thread 3 ] DEBUG Engine               - isIOS: false
20:48:58.570 [FXGL Background Thread 3 ] DEBUG Engine               - isIntroEnabled: false
20:48:58.570 [FXGL Background Thread 3 ] DEBUG Engine               - isLinux: false
20:48:58.570 [FXGL Background Thread 3 ] DEBUG Engine               - isMac: false
20:48:58.570 [FXGL Background Thread 3 ] DEBUG Engine               - isMainMenuEnabled: true
20:48:58.570 [FXGL Background Thread 3 ] DEBUG Engine               - isManualResizeEnabled: true
20:48:58.570 [FXGL Background Thread 3 ] DEBUG Engine               - isMobile: false
20:48:58.570 [FXGL Background Thread 3 ] DEBUG Engine               - isNative: false
20:48:58.570 [FXGL Background Thread 3 ] DEBUG Engine               - isPauseMusicWhenMinimized: true
20:48:58.570 [FXGL Background Thread 3 ] DEBUG Engine               - isPreserveResizeRatio: true
20:48:58.570 [FXGL Background Thread 3 ] DEBUG Engine               - isProfilingEnabled: false
20:48:58.570 [FXGL Background Thread 3 ] DEBUG Engine               - isScaleAffectedOnResize: true
20:48:58.570 [FXGL Background Thread 3 ] DEBUG Engine               - isSingleStep: false
20:48:58.571 [FXGL Background Thread 3 ] DEBUG Engine               - isUserProfileEnabled: false
20:48:58.571 [FXGL Background Thread 3 ] DEBUG Engine               - isWindows: true
20:48:58.571 [FXGL Background Thread 3 ] DEBUG Engine               - language: ObjectProperty [value: ENGLISH]
20:48:58.571 [FXGL Background Thread 3 ] DEBUG Engine               - menuKey: ESCAPE
20:48:58.571 [FXGL Background Thread 3 ] DEBUG Engine               - mouseSensitivity: 0.2
20:48:58.571 [FXGL Background Thread 3 ] DEBUG Engine               - notificationViewClass: class com.almasb.fxgl.notification.view.XboxNotificationView
20:48:58.571 [FXGL Background Thread 3 ] DEBUG Engine               - pixelsPerMeter: 50.0
20:48:58.571 [FXGL Background Thread 3 ] DEBUG Engine               - platform: WINDOWS
20:48:58.571 [FXGL Background Thread 3 ] DEBUG Engine               - prefHeightProperty: ReadOnlyDoubleProperty [value: 720.0]
20:48:58.571 [FXGL Background Thread 3 ] DEBUG Engine               - prefWidthProperty: ReadOnlyDoubleProperty [value: 1280.0]
20:48:58.571 [FXGL Background Thread 3 ] DEBUG Engine               - profileDir: profiles/
20:48:58.571 [FXGL Background Thread 3 ] DEBUG Engine               - profileName: StringProperty [value: DEFAULT]
20:48:58.571 [FXGL Background Thread 3 ] DEBUG Engine               - randomSeed: -1
20:48:58.571 [FXGL Background Thread 3 ] DEBUG Engine               - runtimeInfo: RuntimeInfo(platform=WINDOWS, version=17.3, build=30.03.2023 11.49)
20:48:58.572 [FXGL Background Thread 3 ] DEBUG Engine               - saveFileExt: sav
20:48:58.572 [FXGL Background Thread 3 ] DEBUG Engine               - scaledHeightProp$fxgl: DoubleProperty [bound, value: 720.0]
20:48:58.572 [FXGL Background Thread 3 ] DEBUG Engine               - scaledWidthProp$fxgl: DoubleProperty [bound, value: 1280.0]
20:48:58.572 [FXGL Background Thread 3 ] DEBUG Engine               - sceneFactory: com.almasb.fxgl.app.scene.SceneFactory@10ee9a17
20:48:58.572 [FXGL Background Thread 3 ] DEBUG Engine               - secondsIn24h: 60
20:48:58.572 [FXGL Background Thread 3 ] DEBUG Engine               - soundMenuBack: menu/back.wav
20:48:58.572 [FXGL Background Thread 3 ] DEBUG Engine               - soundMenuPress: menu/press.wav
20:48:58.572 [FXGL Background Thread 3 ] DEBUG Engine               - soundMenuSelect: menu/select.wav
20:48:58.572 [FXGL Background Thread 3 ] DEBUG Engine               - soundNotification: core/notification.wav
20:48:58.572 [FXGL Background Thread 3 ] DEBUG Engine               - stageStyle: DECORATED
20:48:58.572 [FXGL Background Thread 3 ] DEBUG Engine               - supportedLanguages: [ENGLISH, FRENCH, GERMAN, HUNGARIAN, RUSSIAN]
20:48:58.572 [FXGL Background Thread 3 ] DEBUG Engine               - ticksPerSecond: -1
20:48:58.572 [FXGL Background Thread 3 ] DEBUG Engine               - title: Player Remix
20:48:58.572 [FXGL Background Thread 3 ] DEBUG Engine               - urlGithub: https://github.com/AlmasB/FXGL
20:48:58.572 [FXGL Background Thread 3 ] DEBUG Engine               - urlLeaderboard: http://fxgl-top.herokuapp.com/
20:48:58.572 [FXGL Background Thread 3 ] DEBUG Engine               - urlPOM: https://raw.githubusercontent.com/AlmasB/FXGL/release/README.md
20:48:58.572 [FXGL Background Thread 3 ] DEBUG Engine               - userAppClass: class com.demo.mainapp.crossyroaddemo.HelloApplication
20:48:58.572 [FXGL Background Thread 3 ] DEBUG Engine               - version: 0.1 - Team thằng nào mạnh, thằng đấy làm!
20:48:58.572 [FXGL Background Thread 3 ] DEBUG Engine               - versionCheckDays: 7
20:48:58.573 [FXGL Background Thread 3 ] DEBUG Engine               - width: 1280
20:48:58.573 [FXGL Background Thread 3 ] DEBUG Engine               - Logging services
20:48:58.573 [FXGL Background Thread 3 ] DEBUG Engine               - class com.almasb.fxgl.app.services.FXGLAssetLoaderService
20:48:58.573 [FXGL Background Thread 3 ] DEBUG Engine               - class com.almasb.fxgl.app.FXGLApplication$GameApplicationService
20:48:58.573 [FXGL Background Thread 3 ] DEBUG Engine               - class com.almasb.fxgl.app.services.FXGLDialogService
20:48:58.573 [FXGL Background Thread 3 ] DEBUG Engine               - class com.almasb.fxgl.app.services.IOTaskExecutorService
20:48:58.573 [FXGL Background Thread 3 ] DEBUG Engine               - class com.almasb.fxgl.io.FileSystemService
20:48:58.573 [FXGL Background Thread 3 ] DEBUG Engine               - class com.almasb.fxgl.localization.LocalizationService
20:48:58.573 [FXGL Background Thread 3 ] DEBUG Engine               - class com.almasb.fxgl.app.services.SystemBundleService
20:48:58.573 [FXGL Background Thread 3 ] DEBUG Engine               - class com.almasb.fxgl.profile.SaveLoadService
20:48:58.573 [FXGL Background Thread 3 ] DEBUG Engine               - class com.almasb.fxgl.ui.FXGLUIFactoryServiceProvider
20:48:58.573 [FXGL Background Thread 3 ] DEBUG Engine               - class com.almasb.fxgl.ui.FXGLDialogFactoryServiceProvider
20:48:58.573 [FXGL Background Thread 3 ] DEBUG Engine               - class com.almasb.fxgl.audio.AudioPlayer
20:48:58.573 [FXGL Background Thread 3 ] DEBUG Engine               - class com.almasb.fxgl.notification.impl.NotificationServiceProvider
20:48:58.573 [FXGL Background Thread 3 ] DEBUG Engine               - class com.almasb.fxgl.achievement.AchievementService
20:48:58.573 [FXGL Background Thread 3 ] DEBUG Engine               - class com.almasb.fxgl.cutscene.CutsceneService
20:48:58.574 [FXGL Background Thread 3 ] DEBUG Engine               - class com.almasb.fxgl.minigames.MiniGameService
20:48:58.574 [FXGL Background Thread 3 ] DEBUG Engine               - class com.almasb.fxgl.net.NetService
20:48:58.574 [FXGL Background Thread 3 ] DEBUG Engine               - class com.almasb.fxgl.app.services.UpdaterService
20:48:58.574 [FXGL Background Thread 3 ] DEBUG Engine               - class com.almasb.fxgl.dev.DevService
20:49:03.179 [JavaFX Application Thread] DEBUG Menu                 - fireExit()
20:49:03.181 [JavaFX Application Thread] DEBUG PrimaryStageWindow   - Push state: DialogSubScene
20:49:03.181 [JavaFX Application Thread] DEBUG Input                - Clearing active input actions
20:49:03.182 [JavaFX Application Thread] DEBUG GameApplicationServi - Removing overlay from FXGLDefaultMenu and adding to DialogSubScene
20:49:03.182 [JavaFX Application Thread] DEBUG PrimaryStageWindow   - FXGLDefaultMenu -> DialogSubScene
20:49:04.872 [JavaFX Application Thread] DEBUG PrimaryStageWindow   - Pop state: DialogSubScene
20:49:04.872 [JavaFX Application Thread] DEBUG Input                - Clearing active input actions
20:49:04.872 [JavaFX Application Thread] DEBUG GameApplicationServi - Removing overlay from DialogSubScene and adding to FXGLDefaultMenu
20:49:04.873 [JavaFX Application Thread] DEBUG PrimaryStageWindow   - FXGLDefaultMenu <- DialogSubScene
20:49:04.873 [JavaFX Application Thread] DEBUG FXGLApplication      - Exiting FXGL
20:49:04.873 [JavaFX Application Thread] DEBUG LoopRunner           - Stopping loop
20:49:04.873 [JavaFX Application Thread] DEBUG SystemBundleService  - Saving FXGL system data
20:49:04.876 [JavaFX Application Thread] DEBUG FileSystemAccess     - Writing to: C:\Workspace\Do-an\FXGL-training\CrossyRoadDemo\system\fxgl.bundle
20:49:04.878 [JavaFX Application Thread] DEBUG Async                - Shutting down background threads
20:49:04.879 [JavaFX Application Thread] DEBUG PrimaryStageWindow   - Closing main window
20:49:04.897 [JavaFX Application Thread] DEBUG Logger               - Closing Logger
