12:11:04.589 [main                     ] DEBUG Logger               - Configured Logger
12:11:04.611 [main                     ] DEBUG GameApplication      - Logging settings
Title: Frogger Remix
Version: 0.0
Width: 800
Height: 800
Fullscreen: false
Intro: false
Profiling: false
Single step:false
App Mode: DEVELOPER
Menu Key: ESCAPE
Stage Style: DECORATED
Scene Factory: class com.demo.mainapp.crossyroaddemo.HelloApplication$1

12:11:04.926 [JavaFX Application Thread] DEBUG FXGLApplication      - Initializing FXGL
12:11:04.934 [JavaFX Application Thread] INFO  Engine               - FXGL-17.3 (30.03.2023 11.49) on WINDOWS (J:17.0.10 FX:17.0.6)
12:11:04.934 [JavaFX Application Thread] DEBUG Engine               - JRE Vendor Name: Oracle Corporation
12:11:04.934 [JavaFX Application Thread] DEBUG Engine               - Running on OS: Windows 11 version 10.0
12:11:04.934 [JavaFX Application Thread] DEBUG Engine               - Architecture: amd64
12:11:04.934 [JavaFX Application Thread] INFO  Engine               - Source code and latest versions at: https://github.com/AlmasB/FXGL
12:11:04.934 [JavaFX Application Thread] INFO  Engine               -       Ask questions and discuss at: https://github.com/AlmasB/FXGL/discussions
12:11:04.934 [JavaFX Application Thread] INFO  Engine               -              Join the FXGL chat at: https://gitter.im/AlmasB/FXGL
12:11:04.994 [JavaFX Application Thread] DEBUG PrimaryStageWindow   - Creating a JavaFX scene
12:11:05.026 [JavaFX Application Thread] DEBUG PrimaryStageWindow   - Target settings size: 800.0 x 800.0
12:11:05.026 [JavaFX Application Thread] DEBUG PrimaryStageWindow   - Scaled scene size:    800.0 x 800.0
12:11:05.026 [JavaFX Application Thread] DEBUG PrimaryStageWindow   - Scaled ratio: (1.0, 1.0)
12:11:05.027 [JavaFX Application Thread] DEBUG PrimaryStageWindow   - Set initial scene to FXGLStartupScene
12:11:05.033 [JavaFX Application Thread] DEBUG PrimaryStageWindow   - Opening main window
12:11:05.100 [JavaFX Application Thread] DEBUG PrimaryStageWindow   - Window border size: (14.4000244140625, 37.5999755859375)
12:11:05.100 [JavaFX Application Thread] DEBUG PrimaryStageWindow   - Scaled size: 800.0 x 800.0
12:11:05.100 [JavaFX Application Thread] DEBUG PrimaryStageWindow   - Scaled ratio: (1.0, 1.0)
12:11:05.101 [JavaFX Application Thread] DEBUG PrimaryStageWindow   - Scene size: 800.0 x 800.0
12:11:05.101 [JavaFX Application Thread] DEBUG PrimaryStageWindow   - Stage size: 814.4000244140625 x 837.5999755859375
12:11:05.107 [FXGL Background Thread 1 ] DEBUG Engine               - Initializing environment variables
12:11:05.147 [FXGL Background Thread 1 ] DEBUG FXGLAssetLoaderServi - User app class for loading assets: class com.demo.mainapp.crossyroaddemo.HelloApplication
12:11:05.148 [FXGL Background Thread 1 ] DEBUG GameApplicationServi - Applying CSS: fxgl_dark.css
12:11:05.149 [FXGL Background Thread 1 ] DEBUG FXGLAssetLoaderServi - Loading from file system: jar:file:///C:/Users/Admin/.m2/repository/com/github/almasb/fxgl/17.3/fxgl-17.3.jar!/fxglassets/ui/css/fxgl_dark.css
12:11:05.184 [FXGL Background Thread 1 ] DEBUG GameApplicationServi - Initializing application scenes
12:11:05.220 [FXGL Background Thread 1 ] DEBUG GameWorld            - Game world initialized
12:11:05.274 [FXGL Background Thread 1 ] DEBUG PhysicsWorld         - Physics world initialized: appHeight=800, physics.ppm=50.0
12:11:05.274 [FXGL Background Thread 1 ] DEBUG PhysicsWorld         - Using strategy: BRUTE_FORCE
12:11:05.279 [FXGL Background Thread 1 ] DEBUG GameScene            - Game scene initialized: 800x800
12:11:05.294 [FXGL Background Thread 1 ] DEBUG FXGL.DefaultMenu     - createMenuBodyGameMenu()
12:11:05.304 [FXGL Background Thread 1 ] DEBUG FXGL.DefaultMenu     - createOptionsMenu()
12:11:05.310 [FXGL Background Thread 1 ] DEBUG FXGLAssetLoaderServi - Loading from file system: jar:file:///C:/Users/Admin/.m2/repository/com/github/almasb/fxgl/17.3/fxgl-17.3.jar!/fxglassets/textures/particles/smoke.png
12:11:05.386 [FXGL Background Thread 1 ] DEBUG FXGLAssetLoaderServi - Loading from file system: jar:file:///C:/Users/Admin/.m2/repository/com/github/almasb/fxgl/17.3/fxgl-17.3.jar!/fxglassets/textures/particles/trace_horizontal.png
12:11:05.415 [FXGL Background Thread 1 ] DEBUG GameApplicationServi - Application scenes initialized
12:11:05.426 [FXGL Background Thread 1 ] DEBUG SystemBundleService  - Loading FXGL system data
12:11:05.431 [FXGL Background Thread 1 ] DEBUG FileSystemAccess     - Reading from: C:\Workspace\Do-an\FXGL-training\CrossyRoadDemo\system\fxgl.bundle
12:11:05.436 [FXGL Background Thread 1 ] DEBUG SystemBundleService  - Bundle FXGL: {}
12:11:05.436 [FXGL Background Thread 1 ] DEBUG UpdaterService       - Checking for updates
12:11:05.439 [FXGL Background Thread 4 ] DEBUG FXGLApplication      - Loading fonts
12:11:05.440 [FXGL Background Thread 4 ] DEBUG FXGLAssetLoaderServi - Loading from file system: jar:file:///C:/Users/Admin/.m2/repository/com/github/almasb/fxgl/17.3/fxgl-17.3.jar!/fxglassets/ui/fonts/VarelaRound-Regular.ttf
12:11:05.440 [FXGL Background Thread 1 ] DEBUG FXGLApplication      - Loading default localization
12:11:05.441 [FXGL Background Thread 1 ] DEBUG FXGLAssetLoaderServi - Loading from file system: jar:file:///C:/Users/Admin/.m2/repository/com/github/almasb/fxgl/17.3/fxgl-17.3.jar!/fxglassets/languages/english.lang
12:11:05.457 [FXGL Background Thread 1 ] INFO  FXGLApplication      - FXGL initialization took: 0.350 sec
12:11:05.458 [JavaFX Application Thread] DEBUG FXGLAssetLoaderServi - Loading from file system: jar:file:///C:/Users/Admin/.m2/repository/com/github/almasb/fxgl/17.3/fxgl-17.3.jar!/fxglassets/textures/fxgl_icon.png
12:11:05.476 [JavaFX Application Thread] DEBUG FXGLAssetLoaderServi - Loading from file system: jar:file:///C:/Users/Admin/.m2/repository/com/github/almasb/fxgl/17.3/fxgl-17.3.jar!/fxglassets/textures/fxgl_default_cursor.png
12:11:05.486 [JavaFX Application Thread] DEBUG Input                - Registered new binding: Screenshot - CTRL+8
12:11:05.487 [JavaFX Application Thread] DEBUG Input                - Registered new binding: System info dump - CTRL+9
12:11:05.487 [JavaFX Application Thread] DEBUG Input                - Registered new binding: Restart - CTRL+R
12:11:05.488 [JavaFX Application Thread] DEBUG Input                - Registered new binding: Toggle Debug Camera - CTRL+7
12:11:05.492 [JavaFX Application Thread] DEBUG LoopRunner           - Starting loop
12:11:05.493 [JavaFX Application Thread] DEBUG LoopRunner           - Initializing JavaFX AnimationTimerLoop
12:11:05.496 [FXGL Background Thread 4 ] DEBUG FXGLAssetLoaderServi - Loading from file system: jar:file:///C:/Users/Admin/.m2/repository/com/github/almasb/fxgl/17.3/fxgl-17.3.jar!/fxglassets/ui/fonts/Abel-Regular.ttf
12:11:05.497 [JavaFX Application Thread] DEBUG Input                - Clearing active input actions
12:11:05.501 [FXGL Background Thread 4 ] DEBUG FXGLAssetLoaderServi - Loading from file system: jar:file:///C:/Users/Admin/.m2/repository/com/github/almasb/fxgl/17.3/fxgl-17.3.jar!/fxglassets/ui/fonts/TerminalLandMono-Regular.otf
12:11:05.504 [JavaFX Application Thread] DEBUG GameApplicationServi - Removing overlay from FXGLStartupScene and adding to FXGLMainMenuDummyScene
12:11:05.504 [FXGL Background Thread 4 ] DEBUG FXGLAssetLoaderServi - Loading from file system: jar:file:///C:/Users/Admin/.m2/repository/com/github/almasb/fxgl/17.3/fxgl-17.3.jar!/fxglassets/ui/fonts/Courier-Prime.ttf
12:11:05.504 [JavaFX Application Thread] DEBUG PrimaryStageWindow   - FXGLStartupScene -> FXGLMainMenuDummyScene
12:11:05.504 [JavaFX Application Thread] DEBUG PrimaryStageWindow   - Push state: MainMenu
12:11:05.504 [JavaFX Application Thread] DEBUG Input                - Clearing active input actions
12:11:05.510 [JavaFX Application Thread] DEBUG GameApplicationServi - Removing overlay from FXGLMainMenuDummyScene and adding to MainMenu
12:11:05.510 [JavaFX Application Thread] DEBUG PrimaryStageWindow   - FXGLMainMenuDummyScene -> MainMenu
12:11:05.555 [JavaFX Application Thread] DEBUG FXGLApplication      - Registering font factories with UI factory
12:11:05.808 [FXGL Background Thread 2 ] INFO  UpdaterService       - Your current version:  17.3
12:11:05.808 [FXGL Background Thread 2 ] INFO  UpdaterService       - Latest stable version: 21.1
12:11:08.110 [JavaFX Application Thread] DEBUG FXGLApplication      - Exiting FXGL
12:11:08.110 [JavaFX Application Thread] DEBUG LoopRunner           - Stopping loop
12:11:08.110 [JavaFX Application Thread] DEBUG SystemBundleService  - Saving FXGL system data
12:11:08.112 [JavaFX Application Thread] DEBUG FileSystemAccess     - Writing to: C:\Workspace\Do-an\FXGL-training\CrossyRoadDemo\system\fxgl.bundle
12:11:08.118 [JavaFX Application Thread] DEBUG Async                - Shutting down background threads
12:11:08.118 [JavaFX Application Thread] DEBUG PrimaryStageWindow   - Closing main window
12:11:08.144 [JavaFX Application Thread] DEBUG Logger               - Closing Logger
